<?xml version='1.0' encoding='UTF-8'?>
<testsuite hostname="Vissou" name="pubsub.BoundedBufferSuite" tests="2" errors="0" failures="0" time="5.038">
                     <properties>
[...]
</properties>
                     <testcase classname="pubsub.BoundedBufferSuite" name="Should work in a sequential setting" time="0.019">
                                                 
                                               </testcase><testcase classname="pubsub.BoundedBufferSuite" name="Should work when Thread 1: `put(1)`, Thread 2: `take` and a buffer of size 1" time="5.019">
                                                 
                                               </testcase>
                     <system-out></system-out>
                     <system-err></system-err>
                   </testsuite>